2025-11-13T11:42:48.216+05:30  INFO 47692 --- [main] org.spacehub.Homepage                    : Starting Homepage using Java 25.0.1 with PID 47692 (/Users/somiljain/Downloads/SpaceHub-Backend/target/classes started by somiljain in /Users/somiljain/Downloads/SpaceHub-Backend)
2025-11-13T11:42:48.217+05:30  INFO 47692 --- [main] org.spacehub.Homepage                    : No active profile set, falling back to 1 default profile: "default"
2025-11-13T11:42:48.626+05:30  INFO 47692 --- [main] .s.d.r.c.RepositoryConfigurationDelegate : Multiple Spring Data modules found, entering strict repository configuration mode
2025-11-13T11:42:48.627+05:30  INFO 47692 --- [main] .s.d.r.c.RepositoryConfigurationDelegate : Bootstrapping Spring Data JPA repositories in DEFAULT mode.
2025-11-13T11:42:48.717+05:30  INFO 47692 --- [main] .s.d.r.c.RepositoryConfigurationDelegate : Finished Spring Data repository scanning in 87 ms. Found 20 JPA repository interfaces.
2025-11-13T11:42:48.936+05:30  INFO 47692 --- [main] o.s.b.w.embedded.tomcat.TomcatWebServer  : Tomcat initialized with port 8080 (http)
2025-11-13T11:42:48.941+05:30  INFO 47692 --- [main] o.apache.catalina.core.StandardService   : Starting service [Tomcat]
2025-11-13T11:42:48.941+05:30  INFO 47692 --- [main] o.apache.catalina.core.StandardEngine    : Starting Servlet engine: [Apache Tomcat/10.1.46]
2025-11-13T11:42:48.957+05:30  INFO 47692 --- [main] o.a.c.c.C.[Tomcat].[localhost].[/]       : Initializing Spring embedded WebApplicationContext
2025-11-13T11:42:48.958+05:30  INFO 47692 --- [main] w.s.c.ServletWebServerApplicationContext : Root WebApplicationContext: initialization completed in 724 ms
2025-11-13T11:42:49.043+05:30  INFO 47692 --- [main] o.hibernate.jpa.internal.util.LogHelper  : HHH000204: Processing PersistenceUnitInfo [name: default]
2025-11-13T11:42:49.061+05:30  INFO 47692 --- [main] org.hibernate.Version                    : HHH000412: Hibernate ORM core version 6.6.29.Final
2025-11-13T11:42:49.065+05:30  INFO 47692 --- [main] o.h.spatial.integration.SpatialService   : HHH80000001: hibernate-spatial integration enabled : true
2025-11-13T11:42:49.073+05:30  INFO 47692 --- [main] o.h.c.internal.RegionFactoryInitiator    : HHH000026: Second-level cache disabled
2025-11-13T11:42:49.113+05:30  INFO 47692 --- [main] com.zaxxer.hikari.HikariDataSource       : HikariPool-1 - Starting...
2025-11-13T11:42:49.147+05:30  INFO 47692 --- [main] com.zaxxer.hikari.pool.HikariPool        : HikariPool-1 - Added connection org.postgresql.jdbc.PgConnection@266a47fd
2025-11-13T11:42:49.147+05:30  INFO 47692 --- [main] com.zaxxer.hikari.HikariDataSource       : HikariPool-1 - Start completed.
2025-11-13T11:42:49.174+05:30  INFO 47692 --- [main] org.hibernate.orm.connections.pooling    : HHH10001005: Database info:
	Database JDBC URL [Connecting through datasource 'HikariDataSource (HikariPool-1)']
	Database driver: undefined/unknown
	Database version: 18.0
	Autocommit mode: undefined/unknown
	Isolation level: undefined/unknown
	Minimum pool size: undefined/unknown
	Maximum pool size: undefined/unknown
2025-11-13T11:42:49.179+05:30  INFO 47692 --- [main] org.hibernate.spatial                    : HHH80000003: hibernate-spatial adding type contributions from : org.hibernate.spatial.dialect.postgis.PostgisDialectContributor
2025-11-13T11:42:49.244+05:30  INFO 47692 --- [main] o.s.o.j.p.SpringPersistenceUnitInfo      : No LoadTimeWeaver setup: ignoring JPA class transformer
2025-11-13T11:42:49.252+05:30  INFO 47692 --- [main] org.hibernate.spatial                    : HHH80000003: hibernate-spatial adding type contributions from : org.hibernate.spatial.dialect.postgis.PostgisDialectContributor
2025-11-13T11:42:49.436+05:30  INFO 47692 --- [main] org.hibernate.spatial                    : HHH80000004: hibernate-spatial adding function contributions from : org.hibernate.spatial.dialect.postgis.PostgisDialectContributor
2025-11-13T11:42:49.755+05:30  INFO 47692 --- [main] o.h.e.t.j.p.i.JtaPlatformInitiator       : HHH000489: No JTA platform available (set 'hibernate.transaction.jta.platform' to enable JTA platform integration)
2025-11-13T11:42:50.335+05:30  INFO 47692 --- [main] j.LocalContainerEntityManagerFactoryBean : Initialized JPA EntityManagerFactory for persistence unit 'default'
2025-11-13T11:42:50.768+05:30  INFO 47692 --- [main] org.redisson.Version                     : Redisson 3.33.0
2025-11-13T11:42:51.169+05:30  INFO 47692 --- [redisson-netty-1-5] o.redisson.connection.ConnectionsHolder  : 1 connections initialized for localhost/127.0.0.1:6379
2025-11-13T11:42:51.198+05:30  INFO 47692 --- [redisson-netty-1-20] o.redisson.connection.ConnectionsHolder  : 24 connections initialized for localhost/127.0.0.1:6379
2025-11-13T11:42:51.274+05:30  INFO 47692 --- [main] o.s.d.j.r.query.QueryEnhancerFactory     : Hibernate is in classpath; If applicable, HQL parser will be used.
2025-11-13T11:42:52.106+05:30  INFO 47692 --- [main] eAuthenticationProviderManagerConfigurer : Global AuthenticationManager configured with AuthenticationProvider bean with name authenticationProvider
2025-11-13T11:42:52.268+05:30  INFO 47692 --- [main] o.s.b.a.e.web.EndpointLinksResolver      : Exposing 1 endpoint beneath base path '/actuator'
2025-11-13T11:42:52.535+05:30  INFO 47692 --- [main] o.s.m.s.b.SimpleBrokerMessageHandler     : Starting...
2025-11-13T11:42:52.535+05:30  INFO 47692 --- [main] o.s.m.s.b.SimpleBrokerMessageHandler     : BrokerAvailabilityEvent[available=true, SimpleBrokerMessageHandler [org.springframework.messaging.simp.broker.DefaultSubscriptionRegistry@e2a4c4e]]
2025-11-13T11:42:52.535+05:30  INFO 47692 --- [main] o.s.m.s.b.SimpleBrokerMessageHandler     : Started.
2025-11-13T11:42:52.543+05:30  INFO 47692 --- [main] o.s.b.w.embedded.tomcat.TomcatWebServer  : Tomcat started on port 8080 (http) with context path '/'
2025-11-13T11:42:52.551+05:30  INFO 47692 --- [main] org.spacehub.Homepage                    : Started Homepage in 4.478 seconds (process running for 4.759)
2025-11-13T11:42:52.715+05:30  INFO 47692 --- [RMI TCP Connection(4)-127.0.0.1] o.a.c.c.C.[Tomcat].[localhost].[/]       : Initializing Spring DispatcherServlet 'dispatcherServlet'
2025-11-13T11:42:52.715+05:30  INFO 47692 --- [RMI TCP Connection(4)-127.0.0.1] o.s.web.servlet.DispatcherServlet        : Initializing Servlet 'dispatcherServlet'
2025-11-13T11:42:52.716+05:30  INFO 47692 --- [RMI TCP Connection(4)-127.0.0.1] o.s.web.servlet.DispatcherServlet        : Completed initialization in 1 ms
2025-11-13T11:43:07.087+05:30  INFO 47692 --- [SpringApplicationShutdownHook] o.s.b.w.e.tomcat.GracefulShutdown        : Commencing graceful shutdown. Waiting for active requests to complete
2025-11-13T11:43:07.093+05:30  INFO 47692 --- [tomcat-shutdown] o.s.b.w.e.tomcat.GracefulShutdown        : Graceful shutdown complete
2025-11-13T11:43:07.102+05:30  INFO 47692 --- [SpringApplicationShutdownHook] o.s.m.s.b.SimpleBrokerMessageHandler     : Stopping...
2025-11-13T11:43:07.102+05:30  INFO 47692 --- [SpringApplicationShutdownHook] o.s.m.s.b.SimpleBrokerMessageHandler     : BrokerAvailabilityEvent[available=false, SimpleBrokerMessageHandler [org.springframework.messaging.simp.broker.DefaultSubscriptionRegistry@e2a4c4e]]
2025-11-13T11:43:07.102+05:30  INFO 47692 --- [SpringApplicationShutdownHook] o.s.m.s.b.SimpleBrokerMessageHandler     : Stopped.
2025-11-13T11:43:09.201+05:30  INFO 47692 --- [SpringApplicationShutdownHook] j.LocalContainerEntityManagerFactoryBean : Closing JPA EntityManagerFactory for persistence unit 'default'
2025-11-13T11:43:09.204+05:30  INFO 47692 --- [SpringApplicationShutdownHook] com.zaxxer.hikari.HikariDataSource       : HikariPool-1 - Shutdown initiated...
2025-11-13T11:43:09.207+05:30  INFO 47692 --- [SpringApplicationShutdownHook] com.zaxxer.hikari.HikariDataSource       : HikariPool-1 - Shutdown completed.
2025-11-13T11:43:10.982+05:30  INFO 47728 --- [main] org.spacehub.Homepage                    : Starting Homepage using Java 25.0.1 with PID 47728 (/Users/somiljain/Downloads/SpaceHub-Backend/target/classes started by somiljain in /Users/somiljain/Downloads/SpaceHub-Backend)
2025-11-13T11:43:10.982+05:30  INFO 47728 --- [main] org.spacehub.Homepage                    : No active profile set, falling back to 1 default profile: "default"
2025-11-13T11:43:11.412+05:30  INFO 47728 --- [main] .s.d.r.c.RepositoryConfigurationDelegate : Multiple Spring Data modules found, entering strict repository configuration mode
2025-11-13T11:43:11.413+05:30  INFO 47728 --- [main] .s.d.r.c.RepositoryConfigurationDelegate : Bootstrapping Spring Data JPA repositories in DEFAULT mode.
2025-11-13T11:43:11.503+05:30  INFO 47728 --- [main] .s.d.r.c.RepositoryConfigurationDelegate : Finished Spring Data repository scanning in 86 ms. Found 20 JPA repository interfaces.
2025-11-13T11:43:11.717+05:30  INFO 47728 --- [main] o.s.b.w.embedded.tomcat.TomcatWebServer  : Tomcat initialized with port 8080 (http)
2025-11-13T11:43:11.722+05:30  INFO 47728 --- [main] o.apache.catalina.core.StandardService   : Starting service [Tomcat]
2025-11-13T11:43:11.722+05:30  INFO 47728 --- [main] o.apache.catalina.core.StandardEngine    : Starting Servlet engine: [Apache Tomcat/10.1.46]
2025-11-13T11:43:11.743+05:30  INFO 47728 --- [main] o.a.c.c.C.[Tomcat].[localhost].[/]       : Initializing Spring embedded WebApplicationContext
2025-11-13T11:43:11.743+05:30  INFO 47728 --- [main] w.s.c.ServletWebServerApplicationContext : Root WebApplicationContext: initialization completed in 741 ms
2025-11-13T11:43:11.825+05:30  INFO 47728 --- [main] o.hibernate.jpa.internal.util.LogHelper  : HHH000204: Processing PersistenceUnitInfo [name: default]
2025-11-13T11:43:11.846+05:30  INFO 47728 --- [main] org.hibernate.Version                    : HHH000412: Hibernate ORM core version 6.6.29.Final
2025-11-13T11:43:11.850+05:30  INFO 47728 --- [main] o.h.spatial.integration.SpatialService   : HHH80000001: hibernate-spatial integration enabled : true
2025-11-13T11:43:11.858+05:30  INFO 47728 --- [main] o.h.c.internal.RegionFactoryInitiator    : HHH000026: Second-level cache disabled
2025-11-13T11:43:11.897+05:30  INFO 47728 --- [main] com.zaxxer.hikari.HikariDataSource       : HikariPool-1 - Starting...
2025-11-13T11:43:11.929+05:30  INFO 47728 --- [main] com.zaxxer.hikari.pool.HikariPool        : HikariPool-1 - Added connection org.postgresql.jdbc.PgConnection@2651e783
2025-11-13T11:43:11.929+05:30  INFO 47728 --- [main] com.zaxxer.hikari.HikariDataSource       : HikariPool-1 - Start completed.
2025-11-13T11:43:11.954+05:30  INFO 47728 --- [main] org.hibernate.orm.connections.pooling    : HHH10001005: Database info:
	Database JDBC URL [Connecting through datasource 'HikariDataSource (HikariPool-1)']
	Database driver: undefined/unknown
	Database version: 18.0
	Autocommit mode: undefined/unknown
	Isolation level: undefined/unknown
	Minimum pool size: undefined/unknown
	Maximum pool size: undefined/unknown
2025-11-13T11:43:11.959+05:30  INFO 47728 --- [main] org.hibernate.spatial                    : HHH80000003: hibernate-spatial adding type contributions from : org.hibernate.spatial.dialect.postgis.PostgisDialectContributor
2025-11-13T11:43:12.022+05:30  INFO 47728 --- [main] o.s.o.j.p.SpringPersistenceUnitInfo      : No LoadTimeWeaver setup: ignoring JPA class transformer
2025-11-13T11:43:12.029+05:30  INFO 47728 --- [main] org.hibernate.spatial                    : HHH80000003: hibernate-spatial adding type contributions from : org.hibernate.spatial.dialect.postgis.PostgisDialectContributor
2025-11-13T11:43:12.203+05:30  INFO 47728 --- [main] org.hibernate.spatial                    : HHH80000004: hibernate-spatial adding function contributions from : org.hibernate.spatial.dialect.postgis.PostgisDialectContributor
2025-11-13T11:43:12.499+05:30  INFO 47728 --- [main] o.h.e.t.j.p.i.JtaPlatformInitiator       : HHH000489: No JTA platform available (set 'hibernate.transaction.jta.platform' to enable JTA platform integration)
2025-11-13T11:43:13.058+05:30  INFO 47728 --- [main] j.LocalContainerEntityManagerFactoryBean : Initialized JPA EntityManagerFactory for persistence unit 'default'
2025-11-13T11:43:13.459+05:30  INFO 47728 --- [main] org.redisson.Version                     : Redisson 3.33.0
2025-11-13T11:43:14.068+05:30  INFO 47728 --- [redisson-netty-1-5] o.redisson.connection.ConnectionsHolder  : 1 connections initialized for localhost/127.0.0.1:6379
2025-11-13T11:43:14.091+05:30  INFO 47728 --- [redisson-netty-1-20] o.redisson.connection.ConnectionsHolder  : 24 connections initialized for localhost/127.0.0.1:6379
2025-11-13T11:43:14.168+05:30  INFO 47728 --- [main] o.s.d.j.r.query.QueryEnhancerFactory     : Hibernate is in classpath; If applicable, HQL parser will be used.
2025-11-13T11:43:15.000+05:30  INFO 47728 --- [main] eAuthenticationProviderManagerConfigurer : Global AuthenticationManager configured with AuthenticationProvider bean with name authenticationProvider
2025-11-13T11:43:15.152+05:30  INFO 47728 --- [main] o.s.b.a.e.web.EndpointLinksResolver      : Exposing 1 endpoint beneath base path '/actuator'
2025-11-13T11:43:15.406+05:30  INFO 47728 --- [main] o.s.m.s.b.SimpleBrokerMessageHandler     : Starting...
2025-11-13T11:43:15.407+05:30  INFO 47728 --- [main] o.s.m.s.b.SimpleBrokerMessageHandler     : BrokerAvailabilityEvent[available=true, SimpleBrokerMessageHandler [org.springframework.messaging.simp.broker.DefaultSubscriptionRegistry@6ce4678b]]
2025-11-13T11:43:15.407+05:30  INFO 47728 --- [main] o.s.m.s.b.SimpleBrokerMessageHandler     : Started.
2025-11-13T11:43:15.415+05:30  INFO 47728 --- [main] o.s.b.w.embedded.tomcat.TomcatWebServer  : Tomcat started on port 8080 (http) with context path '/'
2025-11-13T11:43:15.423+05:30  INFO 47728 --- [main] org.spacehub.Homepage                    : Started Homepage in 4.596 seconds (process running for 4.864)
2025-11-13T11:43:15.962+05:30  INFO 47728 --- [RMI TCP Connection(1)-127.0.0.1] o.a.c.c.C.[Tomcat].[localhost].[/]       : Initializing Spring DispatcherServlet 'dispatcherServlet'
2025-11-13T11:43:15.962+05:30  INFO 47728 --- [RMI TCP Connection(1)-127.0.0.1] o.s.web.servlet.DispatcherServlet        : Initializing Servlet 'dispatcherServlet'
2025-11-13T11:43:15.963+05:30  INFO 47728 --- [RMI TCP Connection(1)-127.0.0.1] o.s.web.servlet.DispatcherServlet        : Completed initialization in 1 ms
2025-11-13T11:43:31.477+05:30  INFO 47728 --- [SpringApplicationShutdownHook] o.s.b.w.e.tomcat.GracefulShutdown        : Commencing graceful shutdown. Waiting for active requests to complete
2025-11-13T11:43:31.480+05:30  INFO 47728 --- [tomcat-shutdown] o.s.b.w.e.tomcat.GracefulShutdown        : Graceful shutdown complete
2025-11-13T11:43:31.489+05:30  INFO 47728 --- [SpringApplicationShutdownHook] o.s.m.s.b.SimpleBrokerMessageHandler     : Stopping...
2025-11-13T11:43:31.489+05:30  INFO 47728 --- [SpringApplicationShutdownHook] o.s.m.s.b.SimpleBrokerMessageHandler     : BrokerAvailabilityEvent[available=false, SimpleBrokerMessageHandler [org.springframework.messaging.simp.broker.DefaultSubscriptionRegistry@6ce4678b]]
2025-11-13T11:43:31.489+05:30  INFO 47728 --- [SpringApplicationShutdownHook] o.s.m.s.b.SimpleBrokerMessageHandler     : Stopped.
2025-11-13T11:43:33.571+05:30  INFO 47728 --- [SpringApplicationShutdownHook] j.LocalContainerEntityManagerFactoryBean : Closing JPA EntityManagerFactory for persistence unit 'default'
2025-11-13T11:43:33.577+05:30  INFO 47728 --- [SpringApplicationShutdownHook] com.zaxxer.hikari.HikariDataSource       : HikariPool-1 - Shutdown initiated...
2025-11-13T11:43:33.579+05:30  INFO 47728 --- [SpringApplicationShutdownHook] com.zaxxer.hikari.HikariDataSource       : HikariPool-1 - Shutdown completed.
2025-11-13T11:43:58.795+05:30  INFO 47831 --- [main] org.spacehub.Homepage                    : Starting Homepage using Java 25.0.1 with PID 47831 (/Users/somiljain/Downloads/SpaceHub-Backend/target/classes started by somiljain in /Users/somiljain/Downloads/SpaceHub-Backend)
2025-11-13T11:43:58.796+05:30  INFO 47831 --- [main] org.spacehub.Homepage                    : No active profile set, falling back to 1 default profile: "default"
2025-11-13T11:43:59.195+05:30  INFO 47831 --- [main] .s.d.r.c.RepositoryConfigurationDelegate : Multiple Spring Data modules found, entering strict repository configuration mode
2025-11-13T11:43:59.196+05:30  INFO 47831 --- [main] .s.d.r.c.RepositoryConfigurationDelegate : Bootstrapping Spring Data JPA repositories in DEFAULT mode.
2025-11-13T11:43:59.283+05:30  INFO 47831 --- [main] .s.d.r.c.RepositoryConfigurationDelegate : Finished Spring Data repository scanning in 83 ms. Found 20 JPA repository interfaces.
2025-11-13T11:43:59.499+05:30  INFO 47831 --- [main] o.s.b.w.embedded.tomcat.TomcatWebServer  : Tomcat initialized with port 8080 (http)
2025-11-13T11:43:59.504+05:30  INFO 47831 --- [main] o.apache.catalina.core.StandardService   : Starting service [Tomcat]
2025-11-13T11:43:59.504+05:30  INFO 47831 --- [main] o.apache.catalina.core.StandardEngine    : Starting Servlet engine: [Apache Tomcat/10.1.46]
2025-11-13T11:43:59.520+05:30  INFO 47831 --- [main] o.a.c.c.C.[Tomcat].[localhost].[/]       : Initializing Spring embedded WebApplicationContext
2025-11-13T11:43:59.521+05:30  INFO 47831 --- [main] w.s.c.ServletWebServerApplicationContext : Root WebApplicationContext: initialization completed in 705 ms
2025-11-13T11:43:59.608+05:30  INFO 47831 --- [main] o.hibernate.jpa.internal.util.LogHelper  : HHH000204: Processing PersistenceUnitInfo [name: default]
2025-11-13T11:43:59.625+05:30  INFO 47831 --- [main] org.hibernate.Version                    : HHH000412: Hibernate ORM core version 6.6.29.Final
2025-11-13T11:43:59.629+05:30  INFO 47831 --- [main] o.h.spatial.integration.SpatialService   : HHH80000001: hibernate-spatial integration enabled : true
2025-11-13T11:43:59.637+05:30  INFO 47831 --- [main] o.h.c.internal.RegionFactoryInitiator    : HHH000026: Second-level cache disabled
2025-11-13T11:43:59.681+05:30  INFO 47831 --- [main] com.zaxxer.hikari.HikariDataSource       : HikariPool-1 - Starting...
2025-11-13T11:43:59.712+05:30  INFO 47831 --- [main] com.zaxxer.hikari.pool.HikariPool        : HikariPool-1 - Added connection org.postgresql.jdbc.PgConnection@20a9fb01
2025-11-13T11:43:59.713+05:30  INFO 47831 --- [main] com.zaxxer.hikari.HikariDataSource       : HikariPool-1 - Start completed.
2025-11-13T11:43:59.736+05:30  INFO 47831 --- [main] org.hibernate.orm.connections.pooling    : HHH10001005: Database info:
	Database JDBC URL [Connecting through datasource 'HikariDataSource (HikariPool-1)']
	Database driver: undefined/unknown
	Database version: 18.0
	Autocommit mode: undefined/unknown
	Isolation level: undefined/unknown
	Minimum pool size: undefined/unknown
	Maximum pool size: undefined/unknown
2025-11-13T11:43:59.741+05:30  INFO 47831 --- [main] org.hibernate.spatial                    : HHH80000003: hibernate-spatial adding type contributions from : org.hibernate.spatial.dialect.postgis.PostgisDialectContributor
2025-11-13T11:43:59.802+05:30  INFO 47831 --- [main] o.s.o.j.p.SpringPersistenceUnitInfo      : No LoadTimeWeaver setup: ignoring JPA class transformer
2025-11-13T11:43:59.810+05:30  INFO 47831 --- [main] org.hibernate.spatial                    : HHH80000003: hibernate-spatial adding type contributions from : org.hibernate.spatial.dialect.postgis.PostgisDialectContributor
2025-11-13T11:43:59.987+05:30  INFO 47831 --- [main] org.hibernate.spatial                    : HHH80000004: hibernate-spatial adding function contributions from : org.hibernate.spatial.dialect.postgis.PostgisDialectContributor
2025-11-13T11:44:00.278+05:30  INFO 47831 --- [main] o.h.e.t.j.p.i.JtaPlatformInitiator       : HHH000489: No JTA platform available (set 'hibernate.transaction.jta.platform' to enable JTA platform integration)
2025-11-13T11:44:00.844+05:30  INFO 47831 --- [main] j.LocalContainerEntityManagerFactoryBean : Initialized JPA EntityManagerFactory for persistence unit 'default'
2025-11-13T11:44:01.236+05:30  INFO 47831 --- [main] org.redisson.Version                     : Redisson 3.33.0
2025-11-13T11:44:01.525+05:30  INFO 47831 --- [redisson-netty-1-6] o.redisson.connection.ConnectionsHolder  : 1 connections initialized for localhost/127.0.0.1:6379
2025-11-13T11:44:01.556+05:30  INFO 47831 --- [redisson-netty-1-20] o.redisson.connection.ConnectionsHolder  : 24 connections initialized for localhost/127.0.0.1:6379
2025-11-13T11:44:01.633+05:30  INFO 47831 --- [main] o.s.d.j.r.query.QueryEnhancerFactory     : Hibernate is in classpath; If applicable, HQL parser will be used.
2025-11-13T11:44:02.464+05:30  INFO 47831 --- [main] eAuthenticationProviderManagerConfigurer : Global AuthenticationManager configured with AuthenticationProvider bean with name authenticationProvider
2025-11-13T11:44:02.613+05:30  INFO 47831 --- [main] o.s.b.a.e.web.EndpointLinksResolver      : Exposing 1 endpoint beneath base path '/actuator'
2025-11-13T11:44:02.868+05:30  INFO 47831 --- [main] o.s.m.s.b.SimpleBrokerMessageHandler     : Starting...
2025-11-13T11:44:02.868+05:30  INFO 47831 --- [main] o.s.m.s.b.SimpleBrokerMessageHandler     : BrokerAvailabilityEvent[available=true, SimpleBrokerMessageHandler [org.springframework.messaging.simp.broker.DefaultSubscriptionRegistry@741d4ff5]]
2025-11-13T11:44:02.868+05:30  INFO 47831 --- [main] o.s.m.s.b.SimpleBrokerMessageHandler     : Started.
2025-11-13T11:44:02.876+05:30  INFO 47831 --- [main] o.s.b.w.embedded.tomcat.TomcatWebServer  : Tomcat started on port 8080 (http) with context path '/'
2025-11-13T11:44:02.885+05:30  INFO 47831 --- [main] org.spacehub.Homepage                    : Started Homepage in 4.226 seconds (process running for 4.485)
2025-11-13T11:44:03.277+05:30  INFO 47831 --- [RMI TCP Connection(1)-127.0.0.1] o.a.c.c.C.[Tomcat].[localhost].[/]       : Initializing Spring DispatcherServlet 'dispatcherServlet'
2025-11-13T11:44:03.277+05:30  INFO 47831 --- [RMI TCP Connection(1)-127.0.0.1] o.s.web.servlet.DispatcherServlet        : Initializing Servlet 'dispatcherServlet'
2025-11-13T11:44:03.279+05:30  INFO 47831 --- [RMI TCP Connection(1)-127.0.0.1] o.s.web.servlet.DispatcherServlet        : Completed initialization in 2 ms
2025-11-13T11:44:27.414+05:30  INFO 47831 --- [SpringApplicationShutdownHook] o.s.b.w.e.tomcat.GracefulShutdown        : Commencing graceful shutdown. Waiting for active requests to complete
2025-11-13T11:44:27.536+05:30  INFO 47831 --- [tomcat-shutdown] o.s.b.w.e.tomcat.GracefulShutdown        : Graceful shutdown complete
2025-11-13T11:44:27.663+05:30  INFO 47831 --- [SpringApplicationShutdownHook] o.s.m.s.b.SimpleBrokerMessageHandler     : Stopping...
2025-11-13T11:44:27.664+05:30  INFO 47831 --- [SpringApplicationShutdownHook] o.s.m.s.b.SimpleBrokerMessageHandler     : BrokerAvailabilityEvent[available=false, SimpleBrokerMessageHandler [org.springframework.messaging.simp.broker.DefaultSubscriptionRegistry@741d4ff5]]
2025-11-13T11:44:27.664+05:30  INFO 47831 --- [SpringApplicationShutdownHook] o.s.m.s.b.SimpleBrokerMessageHandler     : Stopped.
2025-11-13T11:44:29.853+05:30  INFO 47831 --- [SpringApplicationShutdownHook] j.LocalContainerEntityManagerFactoryBean : Closing JPA EntityManagerFactory for persistence unit 'default'
2025-11-13T11:44:29.861+05:30  INFO 47831 --- [SpringApplicationShutdownHook] com.zaxxer.hikari.HikariDataSource       : HikariPool-1 - Shutdown initiated...
2025-11-13T11:44:29.868+05:30  INFO 47831 --- [SpringApplicationShutdownHook] com.zaxxer.hikari.HikariDataSource       : HikariPool-1 - Shutdown completed.
2025-11-13T11:45:00.705+05:30  INFO 47968 --- [main] org.spacehub.Homepage                    : Starting Homepage using Java 25.0.1 with PID 47968 (/Users/somiljain/Downloads/SpaceHub-Backend/target/classes started by somiljain in /Users/somiljain/Downloads/SpaceHub-Backend)
2025-11-13T11:45:00.706+05:30  INFO 47968 --- [main] org.spacehub.Homepage                    : No active profile set, falling back to 1 default profile: "default"
2025-11-13T11:45:01.146+05:30  INFO 47968 --- [main] .s.d.r.c.RepositoryConfigurationDelegate : Multiple Spring Data modules found, entering strict repository configuration mode
2025-11-13T11:45:01.147+05:30  INFO 47968 --- [main] .s.d.r.c.RepositoryConfigurationDelegate : Bootstrapping Spring Data JPA repositories in DEFAULT mode.
2025-11-13T11:45:01.235+05:30  INFO 47968 --- [main] .s.d.r.c.RepositoryConfigurationDelegate : Finished Spring Data repository scanning in 85 ms. Found 20 JPA repository interfaces.
2025-11-13T11:45:01.454+05:30  INFO 47968 --- [main] o.s.b.w.embedded.tomcat.TomcatWebServer  : Tomcat initialized with port 8080 (http)
2025-11-13T11:45:01.459+05:30  INFO 47968 --- [main] o.apache.catalina.core.StandardService   : Starting service [Tomcat]
2025-11-13T11:45:01.459+05:30  INFO 47968 --- [main] o.apache.catalina.core.StandardEngine    : Starting Servlet engine: [Apache Tomcat/10.1.46]
2025-11-13T11:45:01.479+05:30  INFO 47968 --- [main] o.a.c.c.C.[Tomcat].[localhost].[/]       : Initializing Spring embedded WebApplicationContext
2025-11-13T11:45:01.479+05:30  INFO 47968 --- [main] w.s.c.ServletWebServerApplicationContext : Root WebApplicationContext: initialization completed in 759 ms
2025-11-13T11:45:01.562+05:30  INFO 47968 --- [main] o.hibernate.jpa.internal.util.LogHelper  : HHH000204: Processing PersistenceUnitInfo [name: default]
2025-11-13T11:45:01.581+05:30  INFO 47968 --- [main] org.hibernate.Version                    : HHH000412: Hibernate ORM core version 6.6.29.Final
2025-11-13T11:45:01.585+05:30  INFO 47968 --- [main] o.h.spatial.integration.SpatialService   : HHH80000001: hibernate-spatial integration enabled : true
2025-11-13T11:45:01.594+05:30  INFO 47968 --- [main] o.h.c.internal.RegionFactoryInitiator    : HHH000026: Second-level cache disabled
2025-11-13T11:45:01.644+05:30  INFO 47968 --- [main] com.zaxxer.hikari.HikariDataSource       : HikariPool-1 - Starting...
2025-11-13T11:45:01.678+05:30  INFO 47968 --- [main] com.zaxxer.hikari.pool.HikariPool        : HikariPool-1 - Added connection org.postgresql.jdbc.PgConnection@27b7204
2025-11-13T11:45:01.678+05:30  INFO 47968 --- [main] com.zaxxer.hikari.HikariDataSource       : HikariPool-1 - Start completed.
2025-11-13T11:45:01.704+05:30  INFO 47968 --- [main] org.hibernate.orm.connections.pooling    : HHH10001005: Database info:
	Database JDBC URL [Connecting through datasource 'HikariDataSource (HikariPool-1)']
	Database driver: undefined/unknown
	Database version: 18.0
	Autocommit mode: undefined/unknown
	Isolation level: undefined/unknown
	Minimum pool size: undefined/unknown
	Maximum pool size: undefined/unknown
2025-11-13T11:45:01.710+05:30  INFO 47968 --- [main] org.hibernate.spatial                    : HHH80000003: hibernate-spatial adding type contributions from : org.hibernate.spatial.dialect.postgis.PostgisDialectContributor
2025-11-13T11:45:01.773+05:30  INFO 47968 --- [main] o.s.o.j.p.SpringPersistenceUnitInfo      : No LoadTimeWeaver setup: ignoring JPA class transformer
2025-11-13T11:45:01.781+05:30  INFO 47968 --- [main] org.hibernate.spatial                    : HHH80000003: hibernate-spatial adding type contributions from : org.hibernate.spatial.dialect.postgis.PostgisDialectContributor
2025-11-13T11:45:01.959+05:30  INFO 47968 --- [main] org.hibernate.spatial                    : HHH80000004: hibernate-spatial adding function contributions from : org.hibernate.spatial.dialect.postgis.PostgisDialectContributor
2025-11-13T11:45:02.282+05:30  INFO 47968 --- [main] o.h.e.t.j.p.i.JtaPlatformInitiator       : HHH000489: No JTA platform available (set 'hibernate.transaction.jta.platform' to enable JTA platform integration)
2025-11-13T11:45:02.843+05:30  INFO 47968 --- [main] j.LocalContainerEntityManagerFactoryBean : Initialized JPA EntityManagerFactory for persistence unit 'default'
2025-11-13T11:45:03.243+05:30  INFO 47968 --- [main] org.redisson.Version                     : Redisson 3.33.0
2025-11-13T11:45:03.528+05:30  INFO 47968 --- [redisson-netty-1-5] o.redisson.connection.ConnectionsHolder  : 1 connections initialized for localhost/127.0.0.1:6379
2025-11-13T11:45:03.572+05:30  INFO 47968 --- [redisson-netty-1-20] o.redisson.connection.ConnectionsHolder  : 24 connections initialized for localhost/127.0.0.1:6379
2025-11-13T11:45:03.655+05:30  INFO 47968 --- [main] o.s.d.j.r.query.QueryEnhancerFactory     : Hibernate is in classpath; If applicable, HQL parser will be used.
2025-11-13T11:45:04.524+05:30  INFO 47968 --- [main] eAuthenticationProviderManagerConfigurer : Global AuthenticationManager configured with AuthenticationProvider bean with name authenticationProvider
2025-11-13T11:45:04.690+05:30  INFO 47968 --- [main] o.s.b.a.e.web.EndpointLinksResolver      : Exposing 1 endpoint beneath base path '/actuator'
2025-11-13T11:45:04.955+05:30  INFO 47968 --- [main] o.s.m.s.b.SimpleBrokerMessageHandler     : Starting...
2025-11-13T11:45:04.956+05:30  INFO 47968 --- [main] o.s.m.s.b.SimpleBrokerMessageHandler     : BrokerAvailabilityEvent[available=true, SimpleBrokerMessageHandler [org.springframework.messaging.simp.broker.DefaultSubscriptionRegistry@62ba5744]]
2025-11-13T11:45:04.956+05:30  INFO 47968 --- [main] o.s.m.s.b.SimpleBrokerMessageHandler     : Started.
2025-11-13T11:45:04.965+05:30  INFO 47968 --- [main] o.s.b.w.embedded.tomcat.TomcatWebServer  : Tomcat started on port 8080 (http) with context path '/'
2025-11-13T11:45:04.973+05:30  INFO 47968 --- [main] org.spacehub.Homepage                    : Started Homepage in 4.41 seconds (process running for 4.701)
2025-11-13T11:45:05.113+05:30  INFO 47968 --- [RMI TCP Connection(1)-127.0.0.1] o.a.c.c.C.[Tomcat].[localhost].[/]       : Initializing Spring DispatcherServlet 'dispatcherServlet'
2025-11-13T11:45:05.113+05:30  INFO 47968 --- [RMI TCP Connection(1)-127.0.0.1] o.s.web.servlet.DispatcherServlet        : Initializing Servlet 'dispatcherServlet'
2025-11-13T11:45:05.114+05:30  INFO 47968 --- [RMI TCP Connection(1)-127.0.0.1] o.s.web.servlet.DispatcherServlet        : Completed initialization in 1 ms
2025-11-13T11:46:04.948+05:30  INFO 47968 --- [MessageBroker-4] o.s.w.s.c.WebSocketMessageBrokerStats    : WebSocketSession[0 current WS(0)-HttpStream(0)-HttpPoll(0), 0 total, 0 closed abnormally (0 connect failure, 0 send limit, 0 transport error)], stompSubProtocol[processed CONNECT(0)-CONNECTED(0)-DISCONNECT(0)], stompBrokerRelay[null], inboundChannel[pool size = 0, active threads = 0, queued tasks = 0, completed tasks = 0], outboundChannel[pool size = 0, active threads = 0, queued tasks = 0, completed tasks = 0], sockJsScheduler[pool size = 10, active threads = 1, queued tasks = 3, completed tasks = 13]
2025-11-13T11:47:36.017+05:30  INFO 47968 --- [SpringApplicationShutdownHook] o.s.b.w.e.tomcat.GracefulShutdown        : Commencing graceful shutdown. Waiting for active requests to complete
2025-11-13T11:47:36.020+05:30  INFO 47968 --- [tomcat-shutdown] o.s.b.w.e.tomcat.GracefulShutdown        : Graceful shutdown complete
2025-11-13T11:47:36.030+05:30  INFO 47968 --- [SpringApplicationShutdownHook] o.s.m.s.b.SimpleBrokerMessageHandler     : Stopping...
2025-11-13T11:47:36.031+05:30  INFO 47968 --- [SpringApplicationShutdownHook] o.s.m.s.b.SimpleBrokerMessageHandler     : BrokerAvailabilityEvent[available=false, SimpleBrokerMessageHandler [org.springframework.messaging.simp.broker.DefaultSubscriptionRegistry@62ba5744]]
2025-11-13T11:47:36.031+05:30  INFO 47968 --- [SpringApplicationShutdownHook] o.s.m.s.b.SimpleBrokerMessageHandler     : Stopped.
2025-11-13T11:47:38.133+05:30  INFO 47968 --- [SpringApplicationShutdownHook] j.LocalContainerEntityManagerFactoryBean : Closing JPA EntityManagerFactory for persistence unit 'default'
2025-11-13T11:47:38.138+05:30  INFO 47968 --- [SpringApplicationShutdownHook] com.zaxxer.hikari.HikariDataSource       : HikariPool-1 - Shutdown initiated...
2025-11-13T11:47:38.140+05:30  INFO 47968 --- [SpringApplicationShutdownHook] com.zaxxer.hikari.HikariDataSource       : HikariPool-1 - Shutdown completed.
2025-11-13T11:47:42.533+05:30  INFO 48098 --- [main] org.spacehub.Homepage                    : Starting Homepage using Java 25.0.1 with PID 48098 (/Users/somiljain/Downloads/SpaceHub-Backend/target/classes started by somiljain in /Users/somiljain/Downloads/SpaceHub-Backend)
2025-11-13T11:47:42.533+05:30  INFO 48098 --- [main] org.spacehub.Homepage                    : No active profile set, falling back to 1 default profile: "default"
2025-11-13T11:47:42.975+05:30  INFO 48098 --- [main] .s.d.r.c.RepositoryConfigurationDelegate : Multiple Spring Data modules found, entering strict repository configuration mode
2025-11-13T11:47:42.976+05:30  INFO 48098 --- [main] .s.d.r.c.RepositoryConfigurationDelegate : Bootstrapping Spring Data JPA repositories in DEFAULT mode.
2025-11-13T11:47:43.072+05:30  INFO 48098 --- [main] .s.d.r.c.RepositoryConfigurationDelegate : Finished Spring Data repository scanning in 92 ms. Found 20 JPA repository interfaces.
2025-11-13T11:47:43.310+05:30  INFO 48098 --- [main] o.s.b.w.embedded.tomcat.TomcatWebServer  : Tomcat initialized with port 8080 (http)
2025-11-13T11:47:43.316+05:30  INFO 48098 --- [main] o.apache.catalina.core.StandardService   : Starting service [Tomcat]
2025-11-13T11:47:43.316+05:30  INFO 48098 --- [main] o.apache.catalina.core.StandardEngine    : Starting Servlet engine: [Apache Tomcat/10.1.46]
2025-11-13T11:47:43.339+05:30  INFO 48098 --- [main] o.a.c.c.C.[Tomcat].[localhost].[/]       : Initializing Spring embedded WebApplicationContext
2025-11-13T11:47:43.339+05:30  INFO 48098 --- [main] w.s.c.ServletWebServerApplicationContext : Root WebApplicationContext: initialization completed in 788 ms
2025-11-13T11:47:43.422+05:30  INFO 48098 --- [main] o.hibernate.jpa.internal.util.LogHelper  : HHH000204: Processing PersistenceUnitInfo [name: default]
2025-11-13T11:47:43.445+05:30  INFO 48098 --- [main] org.hibernate.Version                    : HHH000412: Hibernate ORM core version 6.6.29.Final
2025-11-13T11:47:43.450+05:30  INFO 48098 --- [main] o.h.spatial.integration.SpatialService   : HHH80000001: hibernate-spatial integration enabled : true
2025-11-13T11:47:43.459+05:30  INFO 48098 --- [main] o.h.c.internal.RegionFactoryInitiator    : HHH000026: Second-level cache disabled
2025-11-13T11:47:43.503+05:30  INFO 48098 --- [main] com.zaxxer.hikari.HikariDataSource       : HikariPool-1 - Starting...
2025-11-13T11:47:43.538+05:30  INFO 48098 --- [main] com.zaxxer.hikari.pool.HikariPool        : HikariPool-1 - Added connection org.postgresql.jdbc.PgConnection@3e0704e2
2025-11-13T11:47:43.538+05:30  INFO 48098 --- [main] com.zaxxer.hikari.HikariDataSource       : HikariPool-1 - Start completed.
2025-11-13T11:47:43.565+05:30  INFO 48098 --- [main] org.hibernate.orm.connections.pooling    : HHH10001005: Database info:
	Database JDBC URL [Connecting through datasource 'HikariDataSource (HikariPool-1)']
	Database driver: undefined/unknown
	Database version: 18.0
	Autocommit mode: undefined/unknown
	Isolation level: undefined/unknown
	Minimum pool size: undefined/unknown
	Maximum pool size: undefined/unknown
2025-11-13T11:47:43.571+05:30  INFO 48098 --- [main] org.hibernate.spatial                    : HHH80000003: hibernate-spatial adding type contributions from : org.hibernate.spatial.dialect.postgis.PostgisDialectContributor
2025-11-13T11:47:43.636+05:30  INFO 48098 --- [main] o.s.o.j.p.SpringPersistenceUnitInfo      : No LoadTimeWeaver setup: ignoring JPA class transformer
2025-11-13T11:47:43.644+05:30  INFO 48098 --- [main] org.hibernate.spatial                    : HHH80000003: hibernate-spatial adding type contributions from : org.hibernate.spatial.dialect.postgis.PostgisDialectContributor
2025-11-13T11:47:43.830+05:30  INFO 48098 --- [main] org.hibernate.spatial                    : HHH80000004: hibernate-spatial adding function contributions from : org.hibernate.spatial.dialect.postgis.PostgisDialectContributor
2025-11-13T11:47:44.146+05:30  INFO 48098 --- [main] o.h.e.t.j.p.i.JtaPlatformInitiator       : HHH000489: No JTA platform available (set 'hibernate.transaction.jta.platform' to enable JTA platform integration)
2025-11-13T11:47:44.730+05:30  INFO 48098 --- [main] j.LocalContainerEntityManagerFactoryBean : Initialized JPA EntityManagerFactory for persistence unit 'default'
2025-11-13T11:47:45.146+05:30  INFO 48098 --- [main] org.redisson.Version                     : Redisson 3.33.0
2025-11-13T11:47:45.497+05:30  INFO 48098 --- [redisson-netty-1-5] o.redisson.connection.ConnectionsHolder  : 1 connections initialized for localhost/127.0.0.1:6379
2025-11-13T11:47:45.519+05:30  INFO 48098 --- [redisson-netty-1-20] o.redisson.connection.ConnectionsHolder  : 24 connections initialized for localhost/127.0.0.1:6379
2025-11-13T11:47:45.596+05:30  INFO 48098 --- [main] o.s.d.j.r.query.QueryEnhancerFactory     : Hibernate is in classpath; If applicable, HQL parser will be used.
2025-11-13T11:47:46.469+05:30  INFO 48098 --- [main] eAuthenticationProviderManagerConfigurer : Global AuthenticationManager configured with AuthenticationProvider bean with name authenticationProvider
2025-11-13T11:47:46.629+05:30  INFO 48098 --- [main] o.s.b.a.e.web.EndpointLinksResolver      : Exposing 1 endpoint beneath base path '/actuator'
2025-11-13T11:47:46.888+05:30  INFO 48098 --- [main] o.s.m.s.b.SimpleBrokerMessageHandler     : Starting...
2025-11-13T11:47:46.889+05:30  INFO 48098 --- [main] o.s.m.s.b.SimpleBrokerMessageHandler     : BrokerAvailabilityEvent[available=true, SimpleBrokerMessageHandler [org.springframework.messaging.simp.broker.DefaultSubscriptionRegistry@6341d57d]]
2025-11-13T11:47:46.889+05:30  INFO 48098 --- [main] o.s.m.s.b.SimpleBrokerMessageHandler     : Started.
2025-11-13T11:47:46.897+05:30  INFO 48098 --- [main] o.s.b.w.embedded.tomcat.TomcatWebServer  : Tomcat started on port 8080 (http) with context path '/'
2025-11-13T11:47:46.905+05:30  INFO 48098 --- [main] org.spacehub.Homepage                    : Started Homepage in 4.552 seconds (process running for 4.802)
2025-11-13T11:47:47.178+05:30  INFO 48098 --- [RMI TCP Connection(2)-127.0.0.1] o.a.c.c.C.[Tomcat].[localhost].[/]       : Initializing Spring DispatcherServlet 'dispatcherServlet'
2025-11-13T11:47:47.178+05:30  INFO 48098 --- [RMI TCP Connection(2)-127.0.0.1] o.s.web.servlet.DispatcherServlet        : Initializing Servlet 'dispatcherServlet'
2025-11-13T11:47:47.179+05:30  INFO 48098 --- [RMI TCP Connection(2)-127.0.0.1] o.s.web.servlet.DispatcherServlet        : Completed initialization in 1 ms
2025-11-13T11:48:06.952+05:30  INFO 48098 --- [http-nio-0.0.0.0-8080-exec-3] .s.a.AnnotationAsyncExecutionInterceptor : More than one TaskExecutor bean found within the context, and none is named 'taskExecutor'. Mark one of them as primary or name it 'taskExecutor' (possibly as an alias) in order to use it for async processing: [clientInboundChannelExecutor, clientOutboundChannelExecutor, brokerChannelExecutor, messageBrokerTaskScheduler]
2025-11-13T11:48:46.886+05:30  INFO 48098 --- [MessageBroker-8] o.s.w.s.c.WebSocketMessageBrokerStats    : WebSocketSession[0 current WS(0)-HttpStream(0)-HttpPoll(0), 0 total, 0 closed abnormally (0 connect failure, 0 send limit, 0 transport error)], stompSubProtocol[processed CONNECT(0)-CONNECTED(0)-DISCONNECT(0)], stompBrokerRelay[null], inboundChannel[pool size = 0, active threads = 0, queued tasks = 0, completed tasks = 0], outboundChannel[pool size = 0, active threads = 0, queued tasks = 0, completed tasks = 0], sockJsScheduler[pool size = 10, active threads = 1, queued tasks = 3, completed tasks = 13]
